# /content/drive/MyDrive/ML/formic_acid_ML/data/deepmd/npy_format/test: data_e pred_e
-1.030963225441442319e+03 -1.030963243578578840e+03
-1.030957562371005451e+03 -1.030957615854461892e+03
-1.030962424392654157e+03 -1.030962377110134184e+03
-1.030949524481256276e+03 -1.030949599690242849e+03
-1.030952748567932986e+03 -1.030952670248979302e+03
-1.030961663562294689e+03 -1.030961800449918201e+03
-1.030959203843457999e+03 -1.030959316631453021e+03
-1.030954770101817076e+03 -1.030954715357592704e+03
-1.030958222328755937e+03 -1.030958322278480864e+03
-1.030953264822352594e+03 -1.030953435379651182e+03
-1.030966944394389202e+03 -1.030967340421307654e+03
-1.030959328743720562e+03 -1.030959411166541031e+03
-1.030958169402609656e+03 -1.030958152833080703e+03
-1.030961031033621566e+03 -1.030961399379747945e+03
-1.030955380045039874e+03 -1.030955253228792344e+03
-1.030955114298641547e+03 -1.030955071220724449e+03
-1.030959930850064211e+03 -1.030960188968798548e+03
-1.030959176822551399e+03 -1.030959393375226455e+03
-1.030958727725832659e+03 -1.030958949367875675e+03
-1.030961942179678545e+03 -1.030962321576190334e+03
-1.030959059949647326e+03 -1.030959290373894419e+03
-1.030963255101853520e+03 -1.030963045983460916e+03
-1.030953151840677037e+03 -1.030952917447044911e+03
-1.030946203549256097e+03 -1.030946530674363657e+03
-1.030960564086233489e+03 -1.030961061049873479e+03
-1.030952820977431657e+03 -1.030952675753145513e+03
-1.030953039457651812e+03 -1.030953513968705010e+03
-1.030965814740900669e+03 -1.030965728622546976e+03
-1.030949002185908739e+03 -1.030949568684216047e+03
-1.030958142164011861e+03 -1.030958503952441333e+03
-1.030952777738538771e+03 -1.030952383684139932e+03
-1.030967813580488837e+03 -1.030967691974176432e+03
-1.030960116268450065e+03 -1.030960515582478592e+03
-1.030959965109199402e+03 -1.030960134079837644e+03
-1.030962455332000445e+03 -1.030962279233922573e+03
-1.030961510416613010e+03 -1.030961596573639554e+03
-1.030959017472673395e+03 -1.030959097987683890e+03
-1.030959014044038895e+03 -1.030958969948871982e+03
-1.030959621783139028e+03 -1.030959620573933535e+03
-1.030965260308905954e+03 -1.030965292292864888e+03
-1.030963536249896151e+03 -1.030963898850274290e+03
-1.030967851377104353e+03 -1.030967792722724425e+03
-1.030948508707419023e+03 -1.030948596018958142e+03
-1.030961211390689641e+03 -1.030962080885052501e+03
-1.030958945525768058e+03 -1.030958645935559161e+03
-1.030953673428528646e+03 -1.030953680933929036e+03
-1.030963442887629981e+03 -1.030963752549285346e+03
-1.030961960873900807e+03 -1.030962243927770487e+03
-1.030962867149119802e+03 -1.030962728048232748e+03
-1.030965282159649178e+03 -1.030965184757598536e+03
-1.030964075906108292e+03 -1.030964261639281858e+03
-1.030949609407992739e+03 -1.030949416551902004e+03
-1.030954716141638073e+03 -1.030954758836461224e+03
-1.030962891095139639e+03 -1.030962914152829853e+03
-1.030955214708656968e+03 -1.030955217391112683e+03
-1.030968162920265513e+03 -1.030968211927970515e+03
-1.030959806521240580e+03 -1.030960176756102328e+03
-1.030961030571028004e+03 -1.030961464534713286e+03
-1.030963357008494995e+03 -1.030963629083894148e+03
-1.030955532755339391e+03 -1.030955906295135719e+03
-1.030955043766728522e+03 -1.030954814608963716e+03
-1.030961518117435389e+03 -1.030961605692963985e+03
-1.030965744317833241e+03 -1.030965623828723665e+03
-1.030959393125860743e+03 -1.030959547301541079e+03
-1.030959207435360895e+03 -1.030959706031862424e+03
-1.030951890048696896e+03 -1.030952077439796312e+03
-1.030962507686707340e+03 -1.030962933687826308e+03
-1.030959612395211025e+03 -1.030959279526028240e+03
-1.030958850938989599e+03 -1.030958715224545585e+03
-1.030958184123969659e+03 -1.030958047433611000e+03
-1.030958897742573981e+03 -1.030958958490558871e+03
-1.030962384010957066e+03 -1.030962210753148156e+03
-1.030968274242046618e+03 -1.030968295044525348e+03
-1.030957232460158366e+03 -1.030957315103353494e+03
-1.030957944391656838e+03 -1.030958459095257695e+03
-1.030963142609982697e+03 -1.030963412959536754e+03
-1.030960255454690696e+03 -1.030960044306494410e+03
-1.030944584852733669e+03 -1.030944752192669512e+03
-1.030958787155500204e+03 -1.030959089053435719e+03
-1.030947678841772813e+03 -1.030947797231222921e+03
-1.030962131189967295e+03 -1.030962974170767666e+03
-1.030960786239990739e+03 -1.030960896386790409e+03
-1.030949985306082453e+03 -1.030950135836189475e+03
-1.030954160104171478e+03 -1.030954584443951489e+03
-1.030958618880287759e+03 -1.030958693077541739e+03
-1.030960907004122873e+03 -1.030960606596781417e+03
-1.030963704960490986e+03 -1.030963963965787343e+03
-1.030960926215361724e+03 -1.030961182640194465e+03
-1.030959358376920363e+03 -1.030959218461535329e+03
-1.030965636669589230e+03 -1.030965638827055272e+03
-1.030954661746076908e+03 -1.030954993897597433e+03
-1.030961651235536920e+03 -1.030961894485552193e+03
-1.030965432420924117e+03 -1.030965775919827820e+03
-1.030955099713338768e+03 -1.030955409221980517e+03
-1.030966306151325171e+03 -1.030966448471303920e+03
-1.030959115406452383e+03 -1.030959213252131576e+03
-1.030955756242454754e+03 -1.030955676603059601e+03
-1.030951321766106503e+03 -1.030951150299794335e+03
-1.030958896409215868e+03 -1.030959003898106630e+03
-1.030967440947765681e+03 -1.030967489667458494e+03
-1.030961760979057544e+03 -1.030961833392594144e+03
-1.030963548522231349e+03 -1.030963710025375349e+03
-1.030960773287370785e+03 -1.030960781045611611e+03
-1.030949216203461674e+03 -1.030949671637124766e+03
-1.030958064611561213e+03 -1.030957945361088150e+03
-1.030958827754888489e+03 -1.030958641177918707e+03
-1.030959429208158781e+03 -1.030959318184919994e+03
-1.030961713903359396e+03 -1.030961749441198435e+03
-1.030962704125704931e+03 -1.030962727016941926e+03
-1.030958395257115399e+03 -1.030958736791412321e+03
-1.030959253585871920e+03 -1.030959218477993318e+03
-1.030960336163662305e+03 -1.030960716330887180e+03
-1.030956136004561131e+03 -1.030956309128744351e+03
-1.030957950922389500e+03 -1.030958320645199592e+03
-1.030958969798324688e+03 -1.030959115713932079e+03
-1.030956787227456743e+03 -1.030956636724777582e+03
-1.030960085737274767e+03 -1.030960167414818670e+03
-1.030955614634400717e+03 -1.030955582407686279e+03
-1.030965565974407809e+03 -1.030965486619747253e+03
-1.030961827619742280e+03 -1.030961624341927745e+03
-1.030967045185363986e+03 -1.030967413469187477e+03
-1.030962344119064710e+03 -1.030962238228727301e+03
-1.030961495940155601e+03 -1.030961688582704937e+03
-1.030961703018804883e+03 -1.030962387248554023e+03
-1.030963964611538586e+03 -1.030964048744932370e+03
-1.030962962388971619e+03 -1.030962954713136014e+03
-1.030961082599198335e+03 -1.030960984538529829e+03
-1.030961391013050161e+03 -1.030961341468783303e+03
-1.030954640929366633e+03 -1.030954638431025614e+03
-1.030958769849058626e+03 -1.030958684828181504e+03
-1.030957542996498432e+03 -1.030957894965994456e+03
-1.030958175443537357e+03 -1.030958615726826338e+03
-1.030961485273292055e+03 -1.030961541495581059e+03
-1.030953948426797979e+03 -1.030954327000717512e+03
-1.030951995275127501e+03 -1.030951615045044264e+03
-1.030963213713335108e+03 -1.030963357334474949e+03
-1.030959977544802996e+03 -1.030959889516399926e+03
-1.030962085692529627e+03 -1.030962166079871622e+03
-1.030965601349209919e+03 -1.030965778456815997e+03
-1.030955854802095473e+03 -1.030956011718123591e+03
-1.030962113992371542e+03 -1.030962206545327945e+03
-1.030953585073157456e+03 -1.030954096884416231e+03
-1.030956939175837533e+03 -1.030956766177424470e+03
-1.030959224932282041e+03 -1.030959670053882974e+03
-1.030957329931344020e+03 -1.030957433242540674e+03
-1.030959852209157816e+03 -1.030959922719502401e+03
-1.030958243335946236e+03 -1.030957898737763117e+03
-1.030965649268461220e+03 -1.030965729923163053e+03
-1.030961648541609520e+03 -1.030961987980634831e+03
-1.030957725367208923e+03 -1.030957563809402245e+03
-1.030950411109854485e+03 -1.030950566103017991e+03
-1.030962561674097969e+03 -1.030962884517992507e+03
-1.030966584224481039e+03 -1.030966513490250463e+03
-1.030964153757884105e+03 -1.030964123003717305e+03
-1.030960235753647112e+03 -1.030960080392786722e+03
-1.030962424691979550e+03 -1.030963216077310335e+03
-1.030960647461920871e+03 -1.030960320756593774e+03
-1.030954952227625199e+03 -1.030955152983656035e+03
-1.030959063323859255e+03 -1.030959172384753856e+03
-1.030960587351968798e+03 -1.030960545839598353e+03
-1.030964023578612341e+03 -1.030964191992522728e+03
-1.030958183416473730e+03 -1.030957881095891025e+03
-1.030960222909872755e+03 -1.030960043637457375e+03
-1.030958308969809650e+03 -1.030958677847724630e+03
-1.030963582373196004e+03 -1.030963774677623633e+03
-1.030962312635490889e+03 -1.030962087249386286e+03
-1.030962326213972574e+03 -1.030962417069677258e+03
-1.030954774374004501e+03 -1.030955425020837765e+03
-1.030963132351290142e+03 -1.030963475818632787e+03
-1.030961432156666206e+03 -1.030961143032109476e+03
-1.030957339564174845e+03 -1.030957432083156846e+03
-1.030958362929988652e+03 -1.030958508775386008e+03
-1.030961925607944522e+03 -1.030962173193224316e+03
-1.030964793143826910e+03 -1.030964611604667880e+03
-1.030956667660625726e+03 -1.030956574854736118e+03
-1.030960442233645836e+03 -1.030960778242085780e+03
-1.030963026417363380e+03 -1.030963123472407460e+03
-1.030960325251896393e+03 -1.030960658541599287e+03
-1.030957154200211562e+03 -1.030957488093102256e+03
-1.030961320834885100e+03 -1.030961388530673503e+03
-1.030955399664449487e+03 -1.030955255308063442e+03
-1.030954778782249377e+03 -1.030955316379645637e+03
-1.030965873816820476e+03 -1.030966010933078906e+03
-1.030957733231299699e+03 -1.030957638375160286e+03
-1.030964059443219639e+03 -1.030964288607772687e+03
-1.030964396129701527e+03 -1.030964082285674294e+03
-1.030960081873257650e+03 -1.030960161225679258e+03
-1.030963306286470925e+03 -1.030963184540511520e+03
-1.030956423656125025e+03 -1.030956785110777219e+03
-1.030946869956105274e+03 -1.030947313835200475e+03
-1.030958737440297682e+03 -1.030958756009345507e+03
-1.030960611216354437e+03 -1.030960761033546532e+03
-1.030946950447385689e+03 -1.030947115091210890e+03
-1.030951109217968451e+03 -1.030951109053634354e+03
-1.030964744870827872e+03 -1.030964728331705146e+03
-1.030962503931536276e+03 -1.030962751692292386e+03
-1.030955283934423505e+03 -1.030955581977060774e+03
-1.030951663405060799e+03 -1.030951536254648545e+03
-1.030956057635768502e+03 -1.030955965960054073e+03
-1.030958945280865692e+03 -1.030958898452694029e+03
-1.030952129100724960e+03 -1.030952322690606934e+03
-1.030949675967043504e+03 -1.030949481163075461e+03
-1.030961062925366150e+03 -1.030961895647083566e+03
-1.030952733193499625e+03 -1.030952552454292345e+03
-1.030956388362957114e+03 -1.030956856246353254e+03
-1.030966399214265948e+03 -1.030966675148394870e+03
-1.030958436781691034e+03 -1.030958897585357363e+03
-1.030961689794070935e+03 -1.030961564695299558e+03
-1.030961118191691639e+03 -1.030961264095736624e+03
-1.030957661202760164e+03 -1.030957749938546158e+03
-1.030962161585085823e+03 -1.030962454956032843e+03
-1.030957644114009554e+03 -1.030957439744214071e+03
-1.030962580395531631e+03 -1.030962619120362660e+03
-1.030957140023079319e+03 -1.030957102457112796e+03
-1.030955923946228268e+03 -1.030956342623781211e+03
-1.030947975772419568e+03 -1.030947801276891596e+03
-1.030956567685992468e+03 -1.030956983477931772e+03
-1.030959428038069291e+03 -1.030959620158289681e+03
-1.030957327319050819e+03 -1.030956927809023227e+03
-1.030957677012575459e+03 -1.030957508791830378e+03
-1.030954177982052443e+03 -1.030954250382081000e+03
-1.030961701440544402e+03 -1.030961832564496262e+03
-1.030963958788301625e+03 -1.030963969314698261e+03
-1.030961385761252586e+03 -1.030961381202813072e+03
-1.030963886650916947e+03 -1.030964001006346280e+03
-1.030960106635619240e+03 -1.030960097719403848e+03
-1.030965194811099082e+03 -1.030965069642202707e+03
-1.030958289867416624e+03 -1.030958187881632739e+03
-1.030958139197971150e+03 -1.030958147695408570e+03
-1.030960968039262298e+03 -1.030961304013383142e+03
-1.030960724905526376e+03 -1.030960725861496257e+03
-1.030957934786037640e+03 -1.030958108220775785e+03
-1.030956123487323339e+03 -1.030955369828469657e+03
-1.030954253194323883e+03 -1.030954693219489855e+03
-1.030954873477873434e+03 -1.030955054402192673e+03
-1.030955845767915434e+03 -1.030955895288785541e+03
-1.030965045611068717e+03 -1.030964948396765294e+03
-1.030959339818754870e+03 -1.030959406031812478e+03
-1.030955468318776639e+03 -1.030954818243079671e+03
-1.030961267609413426e+03 -1.030962034712500554e+03
-1.030954408734607796e+03 -1.030954926860631531e+03
-1.030962941436204346e+03 -1.030963021309231635e+03
-1.030963733314755473e+03 -1.030963977398247152e+03
-1.030955088284556496e+03 -1.030954969787682330e+03
-1.030964363584883586e+03 -1.030964234086677834e+03
-1.030959734628757815e+03 -1.030959996131693060e+03
-1.030954768986150157e+03 -1.030954679018459956e+03
-1.030955465570426895e+03 -1.030955959688143139e+03
-1.030963418941610144e+03 -1.030963636376396607e+03
-1.030961756298699129e+03 -1.030962420489745000e+03
-1.030964628923110922e+03 -1.030964930783799218e+03
-1.030957327999335575e+03 -1.030957614428064062e+03
-1.030956506460373475e+03 -1.030956792975918233e+03
-1.030961669521588419e+03 -1.030961589724185387e+03
-1.030961334114041620e+03 -1.030961575478768054e+03
-1.030951512327444334e+03 -1.030951324551590915e+03
-1.030958603777968392e+03 -1.030958970053276744e+03
-1.030959553809096406e+03 -1.030959563401426522e+03
-1.030951134198021009e+03 -1.030950855414123453e+03
-1.030956193583854429e+03 -1.030956170637226023e+03
-1.030964294821710610e+03 -1.030964331490710947e+03
-1.030954895655152995e+03 -1.030955097567040411e+03
-1.030967751211991754e+03 -1.030967905867260470e+03
-1.030953151024335511e+03 -1.030953012306568326e+03
-1.030962105502418808e+03 -1.030962701263557392e+03
-1.030963037764511682e+03 -1.030963121470683518e+03
-1.030962931041454567e+03 -1.030963078394820968e+03
-1.030961575533460291e+03 -1.030961221438997654e+03
-1.030957618426461067e+03 -1.030957550100354638e+03
-1.030959735717213562e+03 -1.030960033229254577e+03
-1.030954211506480078e+03 -1.030954323874391321e+03
-1.030964195472939537e+03 -1.030964414312433746e+03
-1.030955561544985812e+03 -1.030956005529292725e+03
-1.030954892525843661e+03 -1.030954787815537884e+03
-1.030963476194366649e+03 -1.030963613841214510e+03
-1.030954997861119864e+03 -1.030955203734911265e+03
-1.030959471549075715e+03 -1.030959808847871273e+03
-1.030966545938060563e+03 -1.030966728049684662e+03
-1.030957871084182216e+03 -1.030957926902395457e+03
-1.030961880382620393e+03 -1.030961896080255656e+03
-1.030958069944992985e+03 -1.030957758236303107e+03
-1.030955493326040823e+03 -1.030955419659021118e+03
-1.030963955414089924e+03 -1.030964087889085249e+03
-1.030962595769964992e+03 -1.030962689447606635e+03
-1.030962483142037172e+03 -1.030962486186631622e+03
-1.030958807645674142e+03 -1.030958660645028658e+03
-1.030961011904016914e+03 -1.030961069270977077e+03
-1.030954687651316817e+03 -1.030955060365801273e+03
-1.030965378896127277e+03 -1.030965414130979752e+03
-1.030954838565664886e+03 -1.030954921612749104e+03
-1.030965512068651606e+03 -1.030965622844772270e+03
-1.030962456502089935e+03 -1.030962816622292848e+03
-1.030963353035632736e+03 -1.030963610634485349e+03
-1.030959727308895253e+03 -1.030959547093303172e+03
-1.030964491043016778e+03 -1.030964513023303425e+03
-1.030962703118883383e+03 -1.030962755773819026e+03
-1.030955171796300874e+03 -1.030955669682627104e+03
-1.030953483493052545e+03 -1.030953608779108663e+03
-1.030957845015674138e+03 -1.030958082949969594e+03
-1.030965398243422896e+03 -1.030965575780047857e+03
-1.030963506399005382e+03 -1.030963935963288122e+03
-1.030960527786244256e+03 -1.030960825077751224e+03
-1.030955202490744568e+03 -1.030955630637236027e+03
-1.030959731499448480e+03 -1.030959746033473039e+03
-1.030956916372696014e+03 -1.030957384056625642e+03
-1.030960708878019886e+03 -1.030960489301791995e+03
-1.030957074824597839e+03 -1.030957059815156526e+03
-1.030963833670347867e+03 -1.030963483536634385e+03
-1.030963124106240230e+03 -1.030963429737250863e+03
-1.030958820516659671e+03 -1.030958908321283388e+03
-1.030960374722196775e+03 -1.030960370483672705e+03
-1.030962978334844138e+03 -1.030962953494993826e+03
-1.030957002551156165e+03 -1.030956820445952417e+03
-1.030959912944972075e+03 -1.030960126274479308e+03
-1.030953595767232173e+03 -1.030953432560737838e+03
-1.030963261823065977e+03 -1.030963290395757895e+03
-1.030961731400280769e+03 -1.030961579836672172e+03
-1.030965482734777197e+03 -1.030965581127292353e+03
-1.030956520310969154e+03 -1.030956677153154033e+03
-1.030965924838169485e+03 -1.030966258600104538e+03
-1.030955841713418749e+03 -1.030955764233578975e+03
-1.030963859521164750e+03 -1.030963751347494053e+03
-1.030958593628121434e+03 -1.030958690686883301e+03
-1.030964379476333306e+03 -1.030964386191876429e+03
-1.030953368198408953e+03 -1.030953445496534869e+03
-1.030958274057601102e+03 -1.030958514618696427e+03
-1.030949144419824506e+03 -1.030949578962422947e+03
-1.030957880308842050e+03 -1.030958002435888147e+03
-1.030952965224990066e+03 -1.030953008808983213e+03
-1.030952091821125805e+03 -1.030952470863841199e+03
-1.030960682782300410e+03 -1.030961048155318622e+03
-1.030960760416385256e+03 -1.030960710024125319e+03
-1.030967246604045158e+03 -1.030967346737664229e+03
-1.030961869579700078e+03 -1.030961779024447196e+03
-1.030960590590123729e+03 -1.030960307643209035e+03
-1.030951948036160957e+03 -1.030951741837156760e+03
-1.030955125428098654e+03 -1.030954884524114732e+03
-1.030963664061777536e+03 -1.030963439949198118e+03
-1.030956131433048085e+03 -1.030956201537193920e+03
-1.030959482977857988e+03 -1.030959548302258781e+03
-1.030963137330973723e+03 -1.030963128182321725e+03
-1.030954291807280924e+03 -1.030954205176701635e+03
-1.030955628376150798e+03 -1.030955542794178427e+03
-1.030950213691247200e+03 -1.030949958949221809e+03
-1.030961914532910214e+03 -1.030961821511190010e+03
-1.030961711862505354e+03 -1.030961724745228366e+03
-1.030965285397804109e+03 -1.030965300467910538e+03
-1.030956584094458321e+03 -1.030956976762411159e+03
-1.030962901244986824e+03 -1.030962943657242931e+03
-1.030962746521044664e+03 -1.030962715804298114e+03
-1.030962554109332359e+03 -1.030962712246041974e+03
-1.030962501019917909e+03 -1.030962481855617852e+03
-1.030965468720913350e+03 -1.030965341621820244e+03
-1.030957403320452840e+03 -1.030957825123581415e+03
-1.030957795817487977e+03 -1.030957487963050198e+03
-1.030954189301989118e+03 -1.030954473347986323e+03
-1.030954053326692019e+03 -1.030953673094353007e+03
-1.030957955031308757e+03 -1.030958184584687842e+03
-1.030963579896959800e+03 -1.030963761562086802e+03
-1.030958042978509184e+03 -1.030958057419903753e+03
-1.030952645518412965e+03 -1.030952316642213646e+03
-1.030950037579155378e+03 -1.030949733922568612e+03
-1.030957534506545699e+03 -1.030957878920618668e+03
-1.030962727010480648e+03 -1.030962732962653490e+03
-1.030961470470297854e+03 -1.030961637604042380e+03
-1.030958939076669594e+03 -1.030959068088590357e+03
-1.030960135860648279e+03 -1.030960238698215107e+03
-1.030955026297018549e+03 -1.030955464277971259e+03
-1.030954538587342995e+03 -1.030954638748031130e+03
-1.030952809603072183e+03 -1.030953053497288465e+03
-1.030958107714397102e+03 -1.030957934276174228e+03
-1.030962721976374041e+03 -1.030962469988786552e+03
-1.030959965816695558e+03 -1.030959840211221490e+03
-1.030958046652046278e+03 -1.030958273120055082e+03
-1.030960088295144942e+03 -1.030960288699053081e+03
-1.030951700630237156e+03 -1.030951582080541357e+03
-1.030947641181214294e+03 -1.030947865338494239e+03
-1.030963046581000754e+03 -1.030963172383422034e+03
-1.030962509455447616e+03 -1.030962318551978797e+03
-1.030949176746951252e+03 -1.030948985474012716e+03
-1.030953989543202624e+03 -1.030954072047735053e+03
-1.030963242883941120e+03 -1.030963190883357129e+03
-1.030956639986645769e+03 -1.030956767743770342e+03
-1.030963091860747454e+03 -1.030963203560400189e+03
-1.030953517017480408e+03 -1.030953477905007048e+03
-1.030954809531115870e+03 -1.030954264183458463e+03
-1.030955688023509310e+03 -1.030955262608620842e+03
-1.030961635044762033e+03 -1.030961729491418737e+03
-1.030960682265283822e+03 -1.030960529817451743e+03
-1.030954471756178236e+03 -1.030954310132527098e+03
-1.030959635416043511e+03 -1.030959741856992650e+03
-1.030957215697944548e+03 -1.030957094450315253e+03
-1.030957760442685867e+03 -1.030957951370665342e+03
-1.030958303391475511e+03 -1.030958178325267454e+03
-1.030957844008853044e+03 -1.030957710461951592e+03
-1.030955025698367990e+03 -1.030955319399630525e+03
-1.030961835592678653e+03 -1.030962117929738952e+03
-1.030961992928913787e+03 -1.030962246646292897e+03
-1.030958327010958783e+03 -1.030958402651947381e+03
-1.030962242212423462e+03 -1.030961958623372311e+03
-1.030955302764702992e+03 -1.030955768815600095e+03
-1.030957257848381914e+03 -1.030957647529396581e+03
-1.030957775490582435e+03 -1.030957896960027483e+03
-1.030957218555140116e+03 -1.030957247683437799e+03
-1.030960537228595285e+03 -1.030960566104758755e+03
-1.030955649328918071e+03 -1.030955696560110027e+03
-1.030952684076947435e+03 -1.030952748971052188e+03
-1.030956579767847870e+03 -1.030956228277039827e+03
-1.030959432800061677e+03 -1.030959781525107928e+03
-1.030964379149796741e+03 -1.030964218212968490e+03
-1.030957545581580007e+03 -1.030957694947228902e+03
-1.030963706838076632e+03 -1.030963674436243309e+03
-1.030956529753320183e+03 -1.030956653676045789e+03
-1.030954689855439028e+03 -1.030954924856203888e+03
-1.030964763619472933e+03 -1.030964853730260756e+03
-1.030962196551717170e+03 -1.030962704648184399e+03
-1.030955505380684826e+03 -1.030955895728328414e+03
-1.030960361960056389e+03 -1.030960689500654098e+03
-1.030966056541278931e+03 -1.030966172637687123e+03
-1.030943194242051050e+03 -1.030943345834063393e+03
-1.030955961035347627e+03 -1.030956016519515060e+03
-1.030957660849012200e+03 -1.030957734462088865e+03
-1.030967397572816026e+03 -1.030967459946543840e+03
-1.030963119534727412e+03 -1.030963431499352282e+03
-1.030960091614934072e+03 -1.030960222976528939e+03
-1.030951582233495628e+03 -1.030952244044640338e+03
-1.030959906060491221e+03 -1.030960192626766229e+03
-1.030959218728086171e+03 -1.030959103272515449e+03
-1.030965361045457939e+03 -1.030965391020049992e+03
-1.030957668849159745e+03 -1.030957743622222551e+03
-1.030953884779365580e+03 -1.030954348581611612e+03
-1.030966203727667107e+03 -1.030966112056869406e+03
-1.030943903915004284e+03 -1.030944045486824052e+03
-1.030955526578354693e+03 -1.030955962078583525e+03
-1.030962945490700804e+03 -1.030963153876391971e+03
-1.030963190583656797e+03 -1.030963428678908031e+03
-1.030967289543612424e+03 -1.030967450930633731e+03
-1.030957587514326178e+03 -1.030957485392482567e+03
-1.030959198373969230e+03 -1.030959257075273172e+03
-1.030962522108742178e+03 -1.030962895375399057e+03
-1.030952759697389865e+03 -1.030952577410703498e+03
-1.030951062904189257e+03 -1.030950521844517652e+03
-1.030957955657170714e+03 -1.030957932019116470e+03
-1.030967400919816555e+03 -1.030967599573048574e+03
-1.030954370529821517e+03 -1.030953955382340155e+03
-1.030966856991416762e+03 -1.030966931387543355e+03
-1.030960331755417883e+03 -1.030960698038596092e+03
-1.030950119811964669e+03 -1.030949967767869111e+03
-1.030963380192596105e+03 -1.030963438303178236e+03
-1.030953843145944575e+03 -1.030954159971215631e+03
-1.030953676966008743e+03 -1.030953972956775715e+03
-1.030958819020033388e+03 -1.030959178993368823e+03
-1.030963712198719577e+03 -1.030963829712658253e+03
-1.030957204976658431e+03 -1.030957063977791904e+03
-1.030958624404199099e+03 -1.030958489529031340e+03
-1.030953817621664257e+03 -1.030954167010667788e+03
-1.030959536965248390e+03 -1.030959681757597764e+03
-1.030956914114150777e+03 -1.030957304077748176e+03
-1.030973266198064721e+03 -1.030973500132756726e+03
-1.030965492258762424e+03 -1.030965652783913129e+03
-1.030950867036630825e+03 -1.030951089592266271e+03
-1.030964651726252669e+03 -1.030964683516905779e+03
-1.030964375993275780e+03 -1.030964561131836263e+03
-1.030946796186037091e+03 -1.030946469361488653e+03
-1.030963695681408353e+03 -1.030963946752666061e+03
-1.030957608140557113e+03 -1.030957463917517089e+03
-1.030960893153527422e+03 -1.030960835102044939e+03
-1.030947379843060617e+03 -1.030947582809612186e+03
-1.030957458477932505e+03 -1.030957524118817901e+03
-1.030964436184862052e+03 -1.030964582138188007e+03
-1.030952128202749464e+03 -1.030952219575828622e+03
-1.030955464890142139e+03 -1.030955346282914206e+03
-1.030961445381399926e+03 -1.030961381621847750e+03
-1.030963013845703017e+03 -1.030963093937455142e+03
-1.030962220143989043e+03 -1.030962269820712663e+03
-1.030955848380208408e+03 -1.030955305667765288e+03
-1.030959205013547489e+03 -1.030959609626700740e+03
-1.030957967412489552e+03 -1.030958124129488624e+03
-1.030955115686422232e+03 -1.030955536649198166e+03
-1.030965156905638196e+03 -1.030965072819943543e+03
-1.030956072275494535e+03 -1.030956380026149191e+03
-1.030960244107542621e+03 -1.030960421860749875e+03
-1.030966207673318195e+03 -1.030966010111700143e+03
-1.030954767489524102e+03 -1.030954620820020182e+03
-1.030964057103040204e+03 -1.030964128397679360e+03
-1.030958049754144213e+03 -1.030958128585119994e+03
-1.030957826457508872e+03 -1.030957880281002417e+03
-1.030960244923884147e+03 -1.030960319320569852e+03
-1.030957321169277520e+03 -1.030957721092920565e+03
-1.030960094444918241e+03 -1.030960060559764315e+03
-1.030967002735601454e+03 -1.030967286973750106e+03
-1.030958975975309386e+03 -1.030959295621994670e+03
-1.030954176431003361e+03 -1.030953915569698893e+03
-1.030965403059838081e+03 -1.030965067643994189e+03
-1.030961756543601496e+03 -1.030961529669409629e+03
-1.030959693893312760e+03 -1.030959639844543290e+03
-1.030964421327445280e+03 -1.030964431912032978e+03
-1.030957883410940212e+03 -1.030957596719720186e+03
-1.030962444964462065e+03 -1.030962512700968546e+03
-1.030954371917602202e+03 -1.030954485641203519e+03
-1.030958799373412603e+03 -1.030959010402064905e+03
-1.030958375964242578e+03 -1.030958616588598261e+03
-1.030960679734625046e+03 -1.030960634026081152e+03
-1.030951570042794629e+03 -1.030951355776763648e+03
-1.030960448573898930e+03 -1.030960727272020449e+03
-1.030958894531630449e+03 -1.030958534584650806e+03
-1.030956181556421598e+03 -1.030956245693889969e+03
-1.030960338993646474e+03 -1.030960570430023608e+03
-1.030958138218361000e+03 -1.030958037995278801e+03
-1.030962517809343353e+03 -1.030962740563893703e+03
-1.030960589964261771e+03 -1.030960586033179425e+03
-1.030966460004503006e+03 -1.030966488035287284e+03
-1.030960523514056604e+03 -1.030960615004435795e+03
-1.030959127787633406e+03 -1.030958822160313957e+03
-1.030967714014026569e+03 -1.030967912566743280e+03
-1.030944905593343492e+03 -1.030944597188451098e+03
-1.030958302738402381e+03 -1.030958381701984763e+03
-1.030965426026248224e+03 -1.030965435994644395e+03
-1.030955451257237655e+03 -1.030955080732066563e+03
-1.030957248786990249e+03 -1.030957368589741009e+03
-1.030962323329565606e+03 -1.030963054655008818e+03
-1.030964740925176784e+03 -1.030964760084691761e+03
-1.030961637765900605e+03 -1.030961924098232657e+03
-1.030963300245543451e+03 -1.030963184031543278e+03
-1.030950052763108943e+03 -1.030950160197077366e+03
-1.030961551288115061e+03 -1.030961668845295890e+03
-1.030951406937745332e+03 -1.030950911103500403e+03
-1.030962533510313051e+03 -1.030962592067050309e+03
-1.030961316426640451e+03 -1.030961311411842644e+03
-1.030953752151069011e+03 -1.030953737667854966e+03
-1.030956247135862441e+03 -1.030956386535100592e+03
-1.030965233641747318e+03 -1.030965322758540879e+03
-1.030960152840553064e+03 -1.030960502344117685e+03
-1.030958032610971031e+03 -1.030957710085777080e+03
-1.030961156532534915e+03 -1.030961078700558119e+03
-1.030959812616590852e+03 -1.030959967458590199e+03
-1.030959032248456197e+03 -1.030959082661341654e+03
-1.030967531017454121e+03 -1.030967816717179403e+03
-1.030960399538980937e+03 -1.030960493100521489e+03
-1.030957189928761636e+03 -1.030957002907714241e+03
-1.030959809868240882e+03 -1.030960195852324659e+03
-1.030953681809635555e+03 -1.030954377510359791e+03
-1.030955552293114579e+03 -1.030955953120472032e+03
-1.030961640704730371e+03 -1.030962512725682700e+03
-1.030954992609322517e+03 -1.030955333085961001e+03
-1.030961377461779648e+03 -1.030961449220131954e+03
-1.030964506281393142e+03 -1.030964663752516117e+03
-1.030964562418482956e+03 -1.030964569609359842e+03
-1.030958989145620308e+03 -1.030959326665720482e+03
-1.030952097671573711e+03 -1.030952113368303571e+03
-1.030963817506784380e+03 -1.030963823503895128e+03
-1.030959201231164798e+03 -1.030959236965677064e+03
-1.030961871892667887e+03 -1.030961823762900167e+03
-1.030961530770729951e+03 -1.030961546519685271e+03
-1.030966222068141633e+03 -1.030966377020329446e+03
-1.030963029546672942e+03 -1.030963249271452923e+03
-1.030962956293621119e+03 -1.030962805030437494e+03
-1.030959751744720052e+03 -1.030959828366874945e+03
-1.030958149211760883e+03 -1.030958269263617694e+03
-1.030956437044127142e+03 -1.030956879642988042e+03
-1.030948796440617343e+03 -1.030949023149385994e+03
-1.030955678091353320e+03 -1.030955037798968306e+03
-1.030957995168103480e+03 -1.030957977796272189e+03
-1.030951160048838119e+03 -1.030950918383722183e+03
-1.030950687060522341e+03 -1.030950349590389578e+03
-1.030951420788341011e+03 -1.030951448223099533e+03
-1.030963885099867866e+03 -1.030964083881716533e+03
-1.030950632420058810e+03 -1.030950683226714773e+03
-1.030958645928405758e+03 -1.030958985776568170e+03
-1.030959168387021691e+03 -1.030959058436792930e+03
-1.030956390675924922e+03 -1.030956571919147564e+03
-1.030966932503013595e+03 -1.030966887308077730e+03
-1.030960239508818404e+03 -1.030960595205989875e+03
-1.030959486896297676e+03 -1.030959664204052842e+03
-1.030950669944560332e+03 -1.030950125572530396e+03
-1.030958305976557313e+03 -1.030958470869919438e+03
-1.030955958042095062e+03 -1.030955821340438433e+03
-1.030959850032246777e+03 -1.030959784698794238e+03
-1.030960779926949272e+03 -1.030961005444866942e+03
-1.030951065380425234e+03 -1.030951121914093619e+03
-1.030961373733819983e+03 -1.030961741293531077e+03
-1.030948845829283073e+03 -1.030949030319748772e+03
-1.030960026225973024e+03 -1.030960076520558005e+03
-1.030977488915405274e+03 -1.030977754052405089e+03
-1.030960306176714539e+03 -1.030960387271486297e+03
-1.030957233004386126e+03 -1.030957255236147148e+03
-1.030956779118463601e+03 -1.030956898779018047e+03
-1.030961039414728475e+03 -1.030961105262138062e+03
-1.030961090000695322e+03 -1.030961057754684134e+03
-1.030963832064875987e+03 -1.030963894569278182e+03
-1.030960518262259029e+03 -1.030960644030955791e+03
-1.030966412139674276e+03 -1.030966590585954236e+03
-1.030961300589613529e+03 -1.030961382058668505e+03
-1.030956898522026449e+03 -1.030956941878347607e+03
-1.030956504909324394e+03 -1.030956585858476046e+03
-1.030963562780997790e+03 -1.030963786175282394e+03
-1.030948833366468307e+03 -1.030948685796101472e+03
-1.030954992092305929e+03 -1.030955367279692382e+03
-1.030949844378312946e+03 -1.030950267716516464e+03
-1.030965443985763159e+03 -1.030965562790155900e+03
-1.030957538016814624e+03 -1.030957352814046772e+03
-1.030962539823354746e+03 -1.030962991732955970e+03
-1.030964919159756619e+03 -1.030964826159931818e+03
-1.030963381607587962e+03 -1.030963155686439904e+03
-1.030968844538279427e+03 -1.030969053740903064e+03
-1.030962859176183656e+03 -1.030963096837861713e+03
-1.030956294347617586e+03 -1.030956441764026749e+03
-1.030957597990709928e+03 -1.030957806156441848e+03
-1.030968157614045140e+03 -1.030968084151770199e+03
-1.030956949298473319e+03 -1.030957039632429314e+03
-1.030959088140643416e+03 -1.030959210915448693e+03
-1.030952806691454043e+03 -1.030952541300995563e+03
-1.030962999532513777e+03 -1.030963103845640944e+03
-1.030954307671519246e+03 -1.030954617604319765e+03
-1.030954348570232696e+03 -1.030954829095990590e+03
-1.030962832372968023e+03 -1.030962809325311810e+03
-1.030955270328730421e+03 -1.030955158822308931e+03
-1.030951059584399900e+03 -1.030951210791035692e+03
-1.030964700216942902e+03 -1.030964530634314087e+03
-1.030965216634630906e+03 -1.030965026445262538e+03
-1.030959360091237613e+03 -1.030959457141241501e+03
-1.030959396826609236e+03 -1.030959207539847512e+03
-1.030953196875521371e+03 -1.030953682471545335e+03
-1.030958147116484270e+03 -1.030958223020596051e+03
-1.030964442171366954e+03 -1.030964544787815157e+03
-1.030967121758204939e+03 -1.030966935489451998e+03
-1.030963864745750925e+03 -1.030964157888373165e+03
-1.030965655282177522e+03 -1.030966071959566762e+03
-1.030954486151001674e+03 -1.030954583515305103e+03
-1.030958017590285863e+03 -1.030958092606919763e+03
-1.030959298729561624e+03 -1.030959391805805353e+03
-1.030956591795280929e+03 -1.030956559589679273e+03
-1.030959396200747051e+03 -1.030959558514968649e+03
-1.030959240469983797e+03 -1.030959326405200727e+03
-1.030962465998863763e+03 -1.030962648709965379e+03
-1.030956793540498211e+03 -1.030957045421681414e+03
-1.030963249441885182e+03 -1.030963254286617939e+03
-1.030961665902474124e+03 -1.030961844071560108e+03
-1.030960045437211647e+03 -1.030960463241268826e+03
-1.030955165183934014e+03 -1.030954860311709581e+03
-1.030964400782848770e+03 -1.030964512772148737e+03
-1.030956570080594474e+03 -1.030957048978347757e+03
-1.030959250021180424e+03 -1.030959138726303991e+03
-1.030961559587587999e+03 -1.030961593308823694e+03
-1.030960503377630857e+03 -1.030960570452268257e+03
-1.030957814566133038e+03 -1.030958271061932010e+03
-1.030960451403883098e+03 -1.030960569969993912e+03
-1.030964587969974673e+03 -1.030964456918889255e+03
-1.030959335709835614e+03 -1.030959455654715612e+03
-1.030957106961245245e+03 -1.030957515177038886e+03
-1.030953428553263848e+03 -1.030953754189161828e+03
-1.030959552720640886e+03 -1.030959702116143262e+03
-1.030958885960043744e+03 -1.030958995070293895e+03
-1.030960725422542509e+03 -1.030961116422083478e+03
-1.030962046154385234e+03 -1.030962415454182747e+03
-1.030966962789286526e+03 -1.030967150889691538e+03
-1.030952136556644746e+03 -1.030952447936646422e+03
-1.030951625309120118e+03 -1.030951520886611888e+03
-1.030955421433558286e+03 -1.030955376202808111e+03
-1.030957175397881656e+03 -1.030956956645991795e+03
-1.030959946333342941e+03 -1.030960361531967919e+03
-1.030957254011576424e+03 -1.030957080492965815e+03
-1.030956390322176958e+03 -1.030956285364634823e+03
-1.030950139975601815e+03 -1.030949829077523873e+03
-1.030961249922012485e+03 -1.030961212321830089e+03
-1.030964139499118119e+03 -1.030964069619170914e+03
-1.030957662536118050e+03 -1.030957938250778852e+03
-1.030954187070655280e+03 -1.030953929709800832e+03
-1.030951576736795687e+03 -1.030951750950328915e+03
-1.030954389033563984e+03 -1.030954448935588744e+03
-1.030957625691901058e+03 -1.030958024002163938e+03
-1.030963721368956840e+03 -1.030963685260892362e+03
-1.030964762394960417e+03 -1.030964810527799955e+03
-1.030964439831187974e+03 -1.030964568104417594e+03
-1.030959437834168057e+03 -1.030959898735904062e+03
-1.030956412526668146e+03 -1.030956115800245925e+03
-1.030952679233320850e+03 -1.030952194573435463e+03
-1.030961165811617548e+03 -1.030961242051281488e+03
-1.030964711128708814e+03 -1.030964845648163191e+03
-1.030960755055742311e+03 -1.030961085715415265e+03
-1.030951546178408762e+03 -1.030951745085967787e+03
-1.030958823128952872e+03 -1.030958693768387775e+03
-1.030957623950372408e+03 -1.030957535167161723e+03
-1.030963962135302154e+03 -1.030964157251397410e+03
-1.030962371575353700e+03 -1.030962313334179953e+03
-1.030951048917536582e+03 -1.030950754719662882e+03
-1.030958024420343918e+03 -1.030957944374777071e+03
-1.030959118399704948e+03 -1.030959317851710239e+03
-1.030952488318234828e+03 -1.030952317441311152e+03
-1.030953150316839583e+03 -1.030953345372640570e+03
-1.030963743165277265e+03 -1.030963910887292514e+03
-1.030957012755425922e+03 -1.030956671890192638e+03
-1.030965241750740688e+03 -1.030965510626218474e+03
-1.030955226763300971e+03 -1.030955263338948271e+03
-1.030963264244879156e+03 -1.030963537270292363e+03
-1.030960950841666318e+03 -1.030960987945819170e+03
-1.030955601164764403e+03 -1.030955596737134783e+03
-1.030962475604483188e+03 -1.030962267468746404e+03
-1.030955911728315641e+03 -1.030955776214458183e+03
-1.030965804781533279e+03 -1.030965962567118140e+03
-1.030952979864715871e+03 -1.030953137139067394e+03
-1.030964969718512293e+03 -1.030964982230823125e+03
-1.030961171498797285e+03 -1.030961101769676361e+03
-1.030956758519444293e+03 -1.030956964695556508e+03
-1.030957586126545493e+03 -1.030957460876179994e+03
-1.030955226219073211e+03 -1.030955382233782757e+03
-1.030954219914798614e+03 -1.030954078764623773e+03
-1.030957908173301576e+03 -1.030958395808135265e+03
-1.030955701765259164e+03 -1.030955531141844858e+03
-1.030953594651565481e+03 -1.030954002677119888e+03
-1.030958665194067180e+03 -1.030958834629635021e+03
-1.030958878749026326e+03 -1.030959191917341741e+03
-1.030959155543247334e+03 -1.030958903790840395e+03
-1.030965422026174338e+03 -1.030965336891082188e+03
-1.030961913934259655e+03 -1.030962034153326385e+03
-1.030960276053710231e+03 -1.030960010636953939e+03
-1.030946351470351601e+03 -1.030946495839383715e+03
-1.030959706383338926e+03 -1.030959696276601107e+03
-1.030959395248348756e+03 -1.030959430202714884e+03
-1.030955294220327687e+03 -1.030955031833431804e+03
-1.030953029933666585e+03 -1.030952772358704351e+03
-1.030959348880146536e+03 -1.030959440120513591e+03
-1.030951977696571930e+03 -1.030951983384072264e+03
-1.030956046016506889e+03 -1.030955948012641556e+03
-1.030952816269862069e+03 -1.030952942213510823e+03
-1.030967231719416759e+03 -1.030967277236230530e+03
-1.030961073456172471e+03 -1.030961038757533515e+03
-1.030962183163715281e+03 -1.030961923073276694e+03
-1.030962257641279393e+03 -1.030962603390298227e+03
-1.030958749277250718e+03 -1.030958735615382238e+03
-1.030962283546519075e+03 -1.030962441295181179e+03
-1.030962826740211085e+03 -1.030963239444582086e+03
-1.030968515933579283e+03 -1.030968566028458554e+03
-1.030957761177393195e+03 -1.030957456705794129e+03
-1.030949765029910623e+03 -1.030949921842129243e+03
-1.030957587868074143e+03 -1.030957737428010660e+03
-1.030952686253858474e+03 -1.030952886603248089e+03
-1.030964081239539837e+03 -1.030964403810679414e+03
-1.030954638670821396e+03 -1.030954521493333459e+03
-1.030958037182483849e+03 -1.030957770217979260e+03
-1.030956890739570099e+03 -1.030956837830794484e+03
-1.030967307720818553e+03 -1.030967237358067450e+03
-1.030952636157696134e+03 -1.030952974646225357e+03
-1.030959928972478565e+03 -1.030959945316208859e+03
-1.030949938638554841e+03 -1.030950177051777700e+03
-1.030960897534560445e+03 -1.030961241013759718e+03
-1.030957726564509812e+03 -1.030957761916482468e+03
-1.030965192253228906e+03 -1.030964846141475846e+03
-1.030961389924594641e+03 -1.030961637123729133e+03
-1.030955080828636710e+03 -1.030954737124621033e+03
-1.030967838370061600e+03 -1.030968041991983000e+03
-1.030964074708807402e+03 -1.030964333510626602e+03
-1.030966722349477550e+03 -1.030966847239572417e+03
-1.030944919416727771e+03 -1.030944654170313925e+03
-1.030953925623656232e+03 -1.030954187939923941e+03
-1.030961470034915692e+03 -1.030961546532638295e+03
-1.030964751347137735e+03 -1.030965024220548912e+03
-1.030963995224348082e+03 -1.030964109656163600e+03
-1.030958402440921645e+03 -1.030958272112725808e+03
-1.030957828117403324e+03 -1.030957911057689898e+03
-1.030966243184177301e+03 -1.030966228578820392e+03
-1.030961463694662825e+03 -1.030961665775610300e+03
-1.030957266964196151e+03 -1.030957418762952784e+03
-1.030965252580872175e+03 -1.030965154903714620e+03
-1.030967720109377069e+03 -1.030967560073085451e+03
-1.030953359191440086e+03 -1.030952998157782986e+03
-1.030959969000427463e+03 -1.030960115491994429e+03
-1.030961704569853737e+03 -1.030961959730183025e+03
-1.030960314258496510e+03 -1.030960212041944033e+03
-1.030957220677628129e+03 -1.030957068818777998e+03
-1.030964523125241158e+03 -1.030964655615257698e+03
-1.030955955103265296e+03 -1.030955803342121726e+03
-1.030962167081785765e+03 -1.030962035061737879e+03
-1.030962609702194413e+03 -1.030962575587601805e+03
-1.030966768010183614e+03 -1.030966793124641299e+03
-1.030958105646331660e+03 -1.030958552646777889e+03
-1.030960501799370377e+03 -1.030960938010876816e+03
-1.030960701558156643e+03 -1.030960696171771588e+03
-1.030955538306462131e+03 -1.030955732126619523e+03
-1.030960842268235183e+03 -1.030960557506954956e+03
-1.030954006659164634e+03 -1.030953896975359839e+03
-1.030956482541565038e+03 -1.030956121850668296e+03
-1.030950415055505346e+03 -1.030950881094084480e+03
-1.030949542223080016e+03 -1.030949996039291591e+03
-1.030961335338553909e+03 -1.030961164433269687e+03
-1.030959755908061879e+03 -1.030959885868663605e+03
-1.030961012448244674e+03 -1.030961074037705885e+03
-1.030956006750476490e+03 -1.030955285039623277e+03
-1.030960918378482347e+03 -1.030961083736339788e+03
-1.030961350957889636e+03 -1.030961644735624986e+03
-1.030963571379795667e+03 -1.030963619682970148e+03
-1.030955526551143294e+03 -1.030955301375486442e+03
-1.030957283808044394e+03 -1.030957413562188322e+03
-1.030957047531577473e+03 -1.030956915221750023e+03
-1.030960689993317601e+03 -1.030960521303448786e+03
-1.030964137022881687e+03 -1.030964439474352957e+03
-1.030955435012039970e+03 -1.030955219994604931e+03
-1.030962221259655735e+03 -1.030962552479966234e+03
-1.030966271538441561e+03 -1.030966568147994622e+03
-1.030963284843898691e+03 -1.030963343245380202e+03
-1.030950041388749469e+03 -1.030949729276292146e+03
