# /content/drive/MyDrive/ML/formic_acid_ML/data/deepmd/npy_format/test: data_e pred_e
-1.030963225441442410e+04 -1.030963243578578840e+04
-1.030957562371005406e+04 -1.030957615854461983e+04
-1.030962424392654248e+04 -1.030962377110134184e+04
-1.030949524481256231e+04 -1.030949599690242758e+04
-1.030952748567932940e+04 -1.030952670248979302e+04
-1.030961663562294780e+04 -1.030961800449918155e+04
-1.030959203843457908e+04 -1.030959316631453112e+04
-1.030954770101817121e+04 -1.030954715357592795e+04
-1.030958222328755983e+04 -1.030958322278480773e+04
-1.030953264822352685e+04 -1.030953435379651273e+04
-1.030966944394389247e+04 -1.030967340421307745e+04
-1.030959328743720653e+04 -1.030959411166541031e+04
-1.030958169402609747e+04 -1.030958152833080749e+04
-1.030961031033621475e+04 -1.030961399379747854e+04
-1.030955380045039783e+04 -1.030955253228792390e+04
-1.030955114298641638e+04 -1.030955071220724494e+04
-1.030959930850064120e+04 -1.030960188968798502e+04
-1.030959176822551308e+04 -1.030959393375226500e+04
-1.030958727725832614e+04 -1.030958949367875721e+04
-1.030961942179678590e+04 -1.030962321576190334e+04
-1.030959059949647235e+04 -1.030959290373894328e+04
-1.030963255101853429e+04 -1.030963045983460870e+04
-1.030953151840677128e+04 -1.030952917447045002e+04
-1.030946203549256097e+04 -1.030946530674363748e+04
-1.030960564086233535e+04 -1.030961061049873570e+04
-1.030952820977431657e+04 -1.030952675753145559e+04
-1.030953039457651903e+04 -1.030953513968705010e+04
-1.030965814740900714e+04 -1.030965728622546885e+04
-1.030949002185908830e+04 -1.030949568684216138e+04
-1.030958142164011952e+04 -1.030958503952441242e+04
-1.030952777738538862e+04 -1.030952383684139932e+04
-1.030967813580488837e+04 -1.030967691974176523e+04
-1.030960116268450111e+04 -1.030960515582478547e+04
-1.030959965109199402e+04 -1.030960134079837735e+04
-1.030962455332000354e+04 -1.030962279233922527e+04
-1.030961510416613055e+04 -1.030961596573639508e+04
-1.030959017472673440e+04 -1.030959097987683890e+04
-1.030959014044038850e+04 -1.030958969948872073e+04
-1.030959621783139119e+04 -1.030959620573933535e+04
-1.030965260308905999e+04 -1.030965292292864979e+04
-1.030963536249896242e+04 -1.030963898850274200e+04
-1.030967851377104307e+04 -1.030967792722724516e+04
-1.030948508707419023e+04 -1.030948596018958233e+04
-1.030961211390689641e+04 -1.030962080885052455e+04
-1.030958945525768104e+04 -1.030958645935559252e+04
-1.030953673428528600e+04 -1.030953680933928990e+04
-1.030963442887629935e+04 -1.030963752549285346e+04
-1.030961960873900898e+04 -1.030962243927770396e+04
-1.030962867149119847e+04 -1.030962728048232748e+04
-1.030965282159649178e+04 -1.030965184757598581e+04
-1.030964075906108337e+04 -1.030964261639281904e+04
-1.030949609407992648e+04 -1.030949416551901959e+04
-1.030954716141638164e+04 -1.030954758836461224e+04
-1.030962891095139639e+04 -1.030962914152829762e+04
-1.030955214708656968e+04 -1.030955217391112637e+04
-1.030968162920265422e+04 -1.030968211927970515e+04
-1.030959806521240534e+04 -1.030960176756102373e+04
-1.030961030571027914e+04 -1.030961464534713377e+04
-1.030963357008495041e+04 -1.030963629083894193e+04
-1.030955532755339482e+04 -1.030955906295135719e+04
-1.030955043766728522e+04 -1.030954814608963716e+04
-1.030961518117435298e+04 -1.030961605692963894e+04
-1.030965744317833196e+04 -1.030965623828723619e+04
-1.030959393125860697e+04 -1.030959547301541170e+04
-1.030959207435360804e+04 -1.030959706031862333e+04
-1.030951890048696805e+04 -1.030952077439796267e+04
-1.030962507686707431e+04 -1.030962933687826262e+04
-1.030959612395210934e+04 -1.030959279526028331e+04
-1.030958850938989599e+04 -1.030958715224545631e+04
-1.030958184123969659e+04 -1.030958047433610955e+04
-1.030958897742573936e+04 -1.030958958490558871e+04
-1.030962384010957066e+04 -1.030962210753148065e+04
-1.030968274242046573e+04 -1.030968295044525439e+04
-1.030957232460158411e+04 -1.030957315103353540e+04
-1.030957944391656929e+04 -1.030958459095257786e+04
-1.030963142609982788e+04 -1.030963412959536799e+04
-1.030960255454690741e+04 -1.030960044306494456e+04
-1.030944584852733715e+04 -1.030944752192669512e+04
-1.030958787155500249e+04 -1.030959089053435673e+04
-1.030947678841772722e+04 -1.030947797231222830e+04
-1.030962131189967295e+04 -1.030962974170767666e+04
-1.030960786239990739e+04 -1.030960896386790409e+04
-1.030949985306082453e+04 -1.030950135836189475e+04
-1.030954160104171569e+04 -1.030954584443951535e+04
-1.030958618880287759e+04 -1.030958693077541830e+04
-1.030960907004122964e+04 -1.030960606596781508e+04
-1.030963704960490941e+04 -1.030963963965787298e+04
-1.030960926215361724e+04 -1.030961182640194420e+04
-1.030959358376920318e+04 -1.030959218461535420e+04
-1.030965636669589185e+04 -1.030965638827055227e+04
-1.030954661746076999e+04 -1.030954993897597524e+04
-1.030961651235536920e+04 -1.030961894485552148e+04
-1.030965432420924117e+04 -1.030965775919827865e+04
-1.030955099713338677e+04 -1.030955409221980517e+04
-1.030966306151325080e+04 -1.030966448471303920e+04
-1.030959115406452474e+04 -1.030959213252131485e+04
-1.030955756242454663e+04 -1.030955676603059692e+04
-1.030951321766106412e+04 -1.030951150299794244e+04
-1.030958896409215959e+04 -1.030959003898106675e+04
-1.030967440947765681e+04 -1.030967489667458540e+04
-1.030961760979057544e+04 -1.030961833392594053e+04
-1.030963548522231395e+04 -1.030963710025375440e+04
-1.030960773287370830e+04 -1.030960781045611657e+04
-1.030949216203461583e+04 -1.030949671637124811e+04
-1.030958064611561167e+04 -1.030957945361088241e+04
-1.030958827754888443e+04 -1.030958641177918616e+04
-1.030959429208158690e+04 -1.030959318184920085e+04
-1.030961713903359305e+04 -1.030961749441198481e+04
-1.030962704125704840e+04 -1.030962727016941972e+04
-1.030958395257115444e+04 -1.030958736791412412e+04
-1.030959253585871920e+04 -1.030959218477993272e+04
-1.030960336163662214e+04 -1.030960716330887226e+04
-1.030956136004561085e+04 -1.030956309128744397e+04
-1.030957950922389500e+04 -1.030958320645199638e+04
-1.030958969798324688e+04 -1.030959115713932079e+04
-1.030956787227456698e+04 -1.030956636724777491e+04
-1.030960085737274676e+04 -1.030960167414818716e+04
-1.030955614634400627e+04 -1.030955582407686234e+04
-1.030965565974407764e+04 -1.030965486619747207e+04
-1.030961827619742326e+04 -1.030961624341927745e+04
-1.030967045185364077e+04 -1.030967413469187522e+04
-1.030962344119064801e+04 -1.030962238228727256e+04
-1.030961495940155510e+04 -1.030961688582704846e+04
-1.030961703018804837e+04 -1.030962387248554114e+04
-1.030963964611538540e+04 -1.030964048744932370e+04
-1.030962962388971573e+04 -1.030962954713136060e+04
-1.030961082599198380e+04 -1.030960984538529920e+04
-1.030961391013050161e+04 -1.030961341468783394e+04
-1.030954640929366542e+04 -1.030954638431025523e+04
-1.030958769849058626e+04 -1.030958684828181504e+04
-1.030957542996498341e+04 -1.030957894965994456e+04
-1.030958175443537402e+04 -1.030958615726826247e+04
-1.030961485273292055e+04 -1.030961541495580968e+04
-1.030953948426797979e+04 -1.030954327000717603e+04
-1.030951995275127410e+04 -1.030951615045044309e+04
-1.030963213713335062e+04 -1.030963357334475040e+04
-1.030959977544803041e+04 -1.030959889516399926e+04
-1.030962085692529581e+04 -1.030962166079871531e+04
-1.030965601349209828e+04 -1.030965778456816042e+04
-1.030955854802095564e+04 -1.030956011718123591e+04
-1.030962113992371451e+04 -1.030962206545327899e+04
-1.030953585073157410e+04 -1.030954096884416140e+04
-1.030956939175837579e+04 -1.030956766177424470e+04
-1.030959224932282086e+04 -1.030959670053883019e+04
-1.030957329931344066e+04 -1.030957433242540719e+04
-1.030959852209157907e+04 -1.030959922719502356e+04
-1.030958243335946281e+04 -1.030957898737763026e+04
-1.030965649268461129e+04 -1.030965729923163053e+04
-1.030961648541609611e+04 -1.030961987980634876e+04
-1.030957725367208877e+04 -1.030957563809402200e+04
-1.030950411109854394e+04 -1.030950566103017991e+04
-1.030962561674097924e+04 -1.030962884517992461e+04
-1.030966584224481085e+04 -1.030966513490250509e+04
-1.030964153757884196e+04 -1.030964123003717395e+04
-1.030960235753647066e+04 -1.030960080392786767e+04
-1.030962424691979504e+04 -1.030963216077310426e+04
-1.030960647461920962e+04 -1.030960320756593683e+04
-1.030954952227625108e+04 -1.030955152983656080e+04
-1.030959063323859300e+04 -1.030959172384753947e+04
-1.030960587351968752e+04 -1.030960545839598308e+04
-1.030964023578612432e+04 -1.030964191992522683e+04
-1.030958183416473730e+04 -1.030957881095891025e+04
-1.030960222909872755e+04 -1.030960043637457420e+04
-1.030958308969809696e+04 -1.030958677847724539e+04
-1.030963582373196004e+04 -1.030963774677623587e+04
-1.030962312635490889e+04 -1.030962087249386241e+04
-1.030962326213972665e+04 -1.030962417069677213e+04
-1.030954774374004592e+04 -1.030955425020837720e+04
-1.030963132351290187e+04 -1.030963475818632833e+04
-1.030961432156666160e+04 -1.030961143032109430e+04
-1.030957339564174799e+04 -1.030957432083156891e+04
-1.030958362929988652e+04 -1.030958508775385963e+04
-1.030961925607944431e+04 -1.030962173193224226e+04
-1.030964793143826864e+04 -1.030964611604667880e+04
-1.030956667660625681e+04 -1.030956574854736027e+04
-1.030960442233645881e+04 -1.030960778242085871e+04
-1.030963026417363471e+04 -1.030963123472407460e+04
-1.030960325251896393e+04 -1.030960658541599332e+04
-1.030957154200211517e+04 -1.030957488093102256e+04
-1.030961320834885009e+04 -1.030961388530673503e+04
-1.030955399664449396e+04 -1.030955255308063352e+04
-1.030954778782249377e+04 -1.030955316379645592e+04
-1.030965873816820385e+04 -1.030966010933078906e+04
-1.030957733231299608e+04 -1.030957638375160241e+04
-1.030964059443219594e+04 -1.030964288607772687e+04
-1.030964396129701527e+04 -1.030964082285674340e+04
-1.030960081873257695e+04 -1.030960161225679258e+04
-1.030963306286471015e+04 -1.030963184540511611e+04
-1.030956423656125116e+04 -1.030956785110777128e+04
-1.030946869956105184e+04 -1.030947313835200475e+04
-1.030958737440297591e+04 -1.030958756009345598e+04
-1.030960611216354482e+04 -1.030960761033546441e+04
-1.030946950447385643e+04 -1.030947115091210799e+04
-1.030951109217968406e+04 -1.030951109053634354e+04
-1.030964744870827781e+04 -1.030964728331705192e+04
-1.030962503931536230e+04 -1.030962751692292295e+04
-1.030955283934423460e+04 -1.030955581977060865e+04
-1.030951663405060754e+04 -1.030951536254648454e+04
-1.030956057635768593e+04 -1.030955965960054164e+04
-1.030958945280865737e+04 -1.030958898452694120e+04
-1.030952129100724960e+04 -1.030952322690606889e+04
-1.030949675967043549e+04 -1.030949481163075507e+04
-1.030961062925366241e+04 -1.030961895647083657e+04
-1.030952733193499625e+04 -1.030952552454292345e+04
-1.030956388362957114e+04 -1.030956856246353163e+04
-1.030966399214265948e+04 -1.030966675148394825e+04
-1.030958436781690943e+04 -1.030958897585357408e+04
-1.030961689794071026e+04 -1.030961564695299603e+04
-1.030961118191691639e+04 -1.030961264095736624e+04
-1.030957661202760210e+04 -1.030957749938546112e+04
-1.030962161585085778e+04 -1.030962454956032889e+04
-1.030957644114009599e+04 -1.030957439744214025e+04
-1.030962580395531586e+04 -1.030962619120362615e+04
-1.030957140023079410e+04 -1.030957102457112705e+04
-1.030955923946228177e+04 -1.030956342623781165e+04
-1.030947975772419522e+04 -1.030947801276891551e+04
-1.030956567685992377e+04 -1.030956983477931863e+04
-1.030959428038069200e+04 -1.030959620158289727e+04
-1.030957327319050819e+04 -1.030956927809023182e+04
-1.030957677012575550e+04 -1.030957508791830332e+04
-1.030954177982052352e+04 -1.030954250382081045e+04
-1.030961701440544311e+04 -1.030961832564496217e+04
-1.030963958788301716e+04 -1.030963969314698261e+04
-1.030961385761252495e+04 -1.030961381202813027e+04
-1.030963886650916902e+04 -1.030964001006346371e+04
-1.030960106635619195e+04 -1.030960097719403893e+04
-1.030965194811099173e+04 -1.030965069642202798e+04
-1.030958289867416715e+04 -1.030958187881632693e+04
-1.030958139197971104e+04 -1.030958147695408479e+04
-1.030960968039262298e+04 -1.030961304013383233e+04
-1.030960724905526331e+04 -1.030960725861496212e+04
-1.030957934786037549e+04 -1.030958108220775830e+04
-1.030956123487323384e+04 -1.030955369828469702e+04
-1.030954253194323974e+04 -1.030954693219489855e+04
-1.030954873477873480e+04 -1.030955054402192582e+04
-1.030955845767915343e+04 -1.030955895288785541e+04
-1.030965045611068672e+04 -1.030964948396765249e+04
-1.030959339818754961e+04 -1.030959406031812432e+04
-1.030955468318776730e+04 -1.030954818243079717e+04
-1.030961267609413517e+04 -1.030962034712500463e+04
-1.030954408734607750e+04 -1.030954926860631531e+04
-1.030962941436204346e+04 -1.030963021309231590e+04
-1.030963733314755518e+04 -1.030963977398247152e+04
-1.030955088284556405e+04 -1.030954969787682421e+04
-1.030964363584883540e+04 -1.030964234086677789e+04
-1.030959734628757906e+04 -1.030959996131692969e+04
-1.030954768986150157e+04 -1.030954679018460047e+04
-1.030955465570426895e+04 -1.030955959688143048e+04
-1.030963418941610144e+04 -1.030963636376396607e+04
-1.030961756298699038e+04 -1.030962420489745091e+04
-1.030964628923111013e+04 -1.030964930783799173e+04
-1.030957327999335575e+04 -1.030957614428063971e+04
-1.030956506460373384e+04 -1.030956792975918324e+04
-1.030961669521588374e+04 -1.030961589724185433e+04
-1.030961334114041529e+04 -1.030961575478768100e+04
-1.030951512327444289e+04 -1.030951324551590915e+04
-1.030958603777968347e+04 -1.030958970053276789e+04
-1.030959553809096360e+04 -1.030959563401426567e+04
-1.030951134198020918e+04 -1.030950855414123544e+04
-1.030956193583854474e+04 -1.030956170637226023e+04
-1.030964294821710610e+04 -1.030964331490710902e+04
-1.030954895655153086e+04 -1.030955097567040502e+04
-1.030967751211991708e+04 -1.030967905867260561e+04
-1.030953151024335421e+04 -1.030953012306568417e+04
-1.030962105502418854e+04 -1.030962701263557392e+04
-1.030963037764511682e+04 -1.030963121470683473e+04
-1.030962931041454613e+04 -1.030963078394821059e+04
-1.030961575533460200e+04 -1.030961221438997745e+04
-1.030957618426460976e+04 -1.030957550100354638e+04
-1.030959735717213516e+04 -1.030960033229254623e+04
-1.030954211506480169e+04 -1.030954323874391412e+04
-1.030964195472939537e+04 -1.030964414312433837e+04
-1.030955561544985903e+04 -1.030956005529292815e+04
-1.030954892525843752e+04 -1.030954787815537929e+04
-1.030963476194366740e+04 -1.030963613841214465e+04
-1.030954997861119955e+04 -1.030955203734911265e+04
-1.030959471549075715e+04 -1.030959808847871318e+04
-1.030966545938060517e+04 -1.030966728049684571e+04
-1.030957871084182261e+04 -1.030957926902395411e+04
-1.030961880382620438e+04 -1.030961896080255610e+04
-1.030958069944993076e+04 -1.030957758236303198e+04
-1.030955493326040778e+04 -1.030955419659021027e+04
-1.030963955414090015e+04 -1.030964087889085204e+04
-1.030962595769964901e+04 -1.030962689447606681e+04
-1.030962483142037127e+04 -1.030962486186631577e+04
-1.030958807645674096e+04 -1.030958660645028613e+04
-1.030961011904016959e+04 -1.030961069270977168e+04
-1.030954687651316817e+04 -1.030955060365801182e+04
-1.030965378896127186e+04 -1.030965414130979843e+04
-1.030954838565664795e+04 -1.030954921612749058e+04
-1.030965512068651515e+04 -1.030965622844772224e+04
-1.030962456502090026e+04 -1.030962816622292848e+04
-1.030963353035632645e+04 -1.030963610634485303e+04
-1.030959727308895162e+04 -1.030959547093303081e+04
-1.030964491043016824e+04 -1.030964513023303334e+04
-1.030962703118883474e+04 -1.030962755773819117e+04
-1.030955171796300783e+04 -1.030955669682627013e+04
-1.030953483493052590e+04 -1.030953608779108617e+04
-1.030957845015674138e+04 -1.030958082949969685e+04
-1.030965398243422896e+04 -1.030965575780047948e+04
-1.030963506399005382e+04 -1.030963935963288168e+04
-1.030960527786244347e+04 -1.030960825077751178e+04
-1.030955202490744523e+04 -1.030955630637236027e+04
-1.030959731499448390e+04 -1.030959746033473130e+04
-1.030956916372695923e+04 -1.030957384056625597e+04
-1.030960708878019796e+04 -1.030960489301792040e+04
-1.030957074824597839e+04 -1.030957059815156572e+04
-1.030963833670347958e+04 -1.030963483536634340e+04
-1.030963124106240139e+04 -1.030963429737250954e+04
-1.030958820516659762e+04 -1.030958908321283343e+04
-1.030960374722196684e+04 -1.030960370483672705e+04
-1.030962978334844047e+04 -1.030962953494993781e+04
-1.030957002551156074e+04 -1.030956820445952508e+04
-1.030959912944971984e+04 -1.030960126274479262e+04
-1.030953595767232218e+04 -1.030953432560737747e+04
-1.030963261823066023e+04 -1.030963290395757940e+04
-1.030961731400280769e+04 -1.030961579836672172e+04
-1.030965482734777288e+04 -1.030965581127292353e+04
-1.030956520310969063e+04 -1.030956677153153942e+04
-1.030965924838169485e+04 -1.030966258600104629e+04
-1.030955841713418704e+04 -1.030955764233578884e+04
-1.030963859521164704e+04 -1.030963751347494144e+04
-1.030958593628121343e+04 -1.030958690686883347e+04
-1.030964379476333306e+04 -1.030964386191876474e+04
-1.030953368198409044e+04 -1.030953445496534914e+04
-1.030958274057601193e+04 -1.030958514618696427e+04
-1.030949144419824552e+04 -1.030949578962423038e+04
-1.030957880308842141e+04 -1.030958002435888193e+04
-1.030952965224990112e+04 -1.030953008808983213e+04
-1.030952091821125759e+04 -1.030952470863841154e+04
-1.030960682782300319e+04 -1.030961048155318713e+04
-1.030960760416385165e+04 -1.030960710024125365e+04
-1.030967246604045067e+04 -1.030967346737664229e+04
-1.030961869579700033e+04 -1.030961779024447242e+04
-1.030960590590123684e+04 -1.030960307643208944e+04
-1.030951948036161048e+04 -1.030951741837156806e+04
-1.030955125428098654e+04 -1.030954884524114823e+04
-1.030963664061777490e+04 -1.030963439949198073e+04
-1.030956131433048176e+04 -1.030956201537193920e+04
-1.030959482977857988e+04 -1.030959548302258736e+04
-1.030963137330973768e+04 -1.030963128182321816e+04
-1.030954291807280970e+04 -1.030954205176701544e+04
-1.030955628376150707e+04 -1.030955542794178473e+04
-1.030950213691247154e+04 -1.030949958949221764e+04
-1.030961914532910123e+04 -1.030961821511189919e+04
-1.030961711862505399e+04 -1.030961724745228457e+04
-1.030965285397804109e+04 -1.030965300467910492e+04
-1.030956584094458412e+04 -1.030956976762411068e+04
-1.030962901244986824e+04 -1.030962943657242977e+04
-1.030962746521044573e+04 -1.030962715804298023e+04
-1.030962554109332450e+04 -1.030962712246041883e+04
-1.030962501019917909e+04 -1.030962481855617807e+04
-1.030965468720913304e+04 -1.030965341621820335e+04
-1.030957403320452795e+04 -1.030957825123581461e+04
-1.030957795817487931e+04 -1.030957487963050153e+04
-1.030954189301989027e+04 -1.030954473347986277e+04
-1.030954053326691974e+04 -1.030953673094352962e+04
-1.030957955031308848e+04 -1.030958184584687842e+04
-1.030963579896959891e+04 -1.030963761562086802e+04
-1.030958042978509184e+04 -1.030958057419903707e+04
-1.030952645518413010e+04 -1.030952316642213736e+04
-1.030950037579155287e+04 -1.030949733922568703e+04
-1.030957534506545744e+04 -1.030957878920618714e+04
-1.030962727010480739e+04 -1.030962732962653536e+04
-1.030961470470297900e+04 -1.030961637604042335e+04
-1.030958939076669594e+04 -1.030959068088590357e+04
-1.030960135860648188e+04 -1.030960238698215107e+04
-1.030955026297018594e+04 -1.030955464277971259e+04
-1.030954538587342904e+04 -1.030954638748031175e+04
-1.030952809603072274e+04 -1.030953053497288420e+04
-1.030958107714397011e+04 -1.030957934276174274e+04
-1.030962721976374087e+04 -1.030962469988786506e+04
-1.030959965816695512e+04 -1.030959840211221490e+04
-1.030958046652046323e+04 -1.030958273120055128e+04
-1.030960088295145033e+04 -1.030960288699053126e+04
-1.030951700630237065e+04 -1.030951582080541448e+04
-1.030947641181214203e+04 -1.030947865338494194e+04
-1.030963046581000708e+04 -1.030963172383421988e+04
-1.030962509455447616e+04 -1.030962318551978751e+04
-1.030949176746951343e+04 -1.030948985474012807e+04
-1.030953989543202624e+04 -1.030954072047735099e+04
-1.030963242883941166e+04 -1.030963190883357129e+04
-1.030956639986645678e+04 -1.030956767743770433e+04
-1.030963091860747409e+04 -1.030963203560400143e+04
-1.030953517017480408e+04 -1.030953477905007094e+04
-1.030954809531115825e+04 -1.030954264183458508e+04
-1.030955688023509356e+04 -1.030955262608620797e+04
-1.030961635044762079e+04 -1.030961729491418737e+04
-1.030960682265283867e+04 -1.030960529817451788e+04
-1.030954471756178282e+04 -1.030954310132527098e+04
-1.030959635416043602e+04 -1.030959741856992696e+04
-1.030957215697944594e+04 -1.030957094450315344e+04
-1.030957760442685867e+04 -1.030957951370665432e+04
-1.030958303391475602e+04 -1.030958178325267363e+04
-1.030957844008852953e+04 -1.030957710461951501e+04
-1.030955025698368081e+04 -1.030955319399630571e+04
-1.030961835592678653e+04 -1.030962117929738997e+04
-1.030961992928913787e+04 -1.030962246646292806e+04
-1.030958327010958783e+04 -1.030958402651947472e+04
-1.030962242212423371e+04 -1.030961958623372266e+04
-1.030955302764702901e+04 -1.030955768815600095e+04
-1.030957257848381960e+04 -1.030957647529396490e+04
-1.030957775490582389e+04 -1.030957896960027574e+04
-1.030957218555140025e+04 -1.030957247683437890e+04
-1.030960537228595240e+04 -1.030960566104758800e+04
-1.030955649328918116e+04 -1.030955696560109936e+04
-1.030952684076947480e+04 -1.030952748971052279e+04
-1.030956579767847870e+04 -1.030956228277039918e+04
-1.030959432800061586e+04 -1.030959781525107974e+04
-1.030964379149796696e+04 -1.030964218212968444e+04
-1.030957545581580052e+04 -1.030957694947228811e+04
-1.030963706838076723e+04 -1.030963674436243309e+04
-1.030956529753320137e+04 -1.030956653676045789e+04
-1.030954689855439028e+04 -1.030954924856203979e+04
-1.030964763619472978e+04 -1.030964853730260802e+04
-1.030962196551717170e+04 -1.030962704648184445e+04
-1.030955505380684735e+04 -1.030955895728328323e+04
-1.030960361960056434e+04 -1.030960689500654007e+04
-1.030966056541278886e+04 -1.030966172637687123e+04
-1.030943194242051140e+04 -1.030943345834063439e+04
-1.030955961035347536e+04 -1.030956016519515106e+04
-1.030957660849012245e+04 -1.030957734462088956e+04
-1.030967397572815935e+04 -1.030967459946543750e+04
-1.030963119534727412e+04 -1.030963431499352373e+04
-1.030960091614934026e+04 -1.030960222976528894e+04
-1.030951582233495719e+04 -1.030952244044640247e+04
-1.030959906060491267e+04 -1.030960192626766184e+04
-1.030959218728086125e+04 -1.030959103272515495e+04
-1.030965361045457939e+04 -1.030965391020050083e+04
-1.030957668849159745e+04 -1.030957743622222551e+04
-1.030953884779365580e+04 -1.030954348581611703e+04
-1.030966203727667198e+04 -1.030966112056869315e+04
-1.030943903915004375e+04 -1.030944045486824143e+04
-1.030955526578354693e+04 -1.030955962078583616e+04
-1.030962945490700804e+04 -1.030963153876392062e+04
-1.030963190583656797e+04 -1.030963428678907985e+04
-1.030967289543612424e+04 -1.030967450930633640e+04
-1.030957587514326224e+04 -1.030957485392482522e+04
-1.030959198373969230e+04 -1.030959257075273126e+04
-1.030962522108742269e+04 -1.030962895375399057e+04
-1.030952759697389774e+04 -1.030952577410703452e+04
-1.030951062904189166e+04 -1.030950521844517607e+04
-1.030957955657170714e+04 -1.030957932019116561e+04
-1.030967400919816464e+04 -1.030967599573048574e+04
-1.030954370529821426e+04 -1.030953955382340064e+04
-1.030966856991416716e+04 -1.030966931387543445e+04
-1.030960331755417792e+04 -1.030960698038596092e+04
-1.030950119811964578e+04 -1.030949967767869020e+04
-1.030963380192596196e+04 -1.030963438303178191e+04
-1.030953843145944484e+04 -1.030954159971215631e+04
-1.030953676966008788e+04 -1.030953972956775760e+04
-1.030958819020033479e+04 -1.030959178993368732e+04
-1.030963712198719622e+04 -1.030963829712658298e+04
-1.030957204976658431e+04 -1.030957063977791950e+04
-1.030958624404199145e+04 -1.030958489529031431e+04
-1.030953817621664348e+04 -1.030954167010667697e+04
-1.030959536965248299e+04 -1.030959681757597718e+04
-1.030956914114150823e+04 -1.030957304077748086e+04
-1.030973266198064812e+04 -1.030973500132756635e+04
-1.030965492258762424e+04 -1.030965652783913174e+04
-1.030950867036630916e+04 -1.030951089592266362e+04
-1.030964651726252669e+04 -1.030964683516905825e+04
-1.030964375993275826e+04 -1.030964561131836308e+04
-1.030946796186037136e+04 -1.030946469361488562e+04
-1.030963695681408353e+04 -1.030963946752666016e+04
-1.030957608140557022e+04 -1.030957463917517089e+04
-1.030960893153527468e+04 -1.030960835102044985e+04
-1.030947379843060662e+04 -1.030947582809612140e+04
-1.030957458477932596e+04 -1.030957524118817855e+04
-1.030964436184862097e+04 -1.030964582138188052e+04
-1.030952128202749373e+04 -1.030952219575828531e+04
-1.030955464890142139e+04 -1.030955346282914252e+04
-1.030961445381399972e+04 -1.030961381621847795e+04
-1.030963013845703063e+04 -1.030963093937455233e+04
-1.030962220143988998e+04 -1.030962269820712572e+04
-1.030955848380208408e+04 -1.030955305667765242e+04
-1.030959205013547580e+04 -1.030959609626700694e+04
-1.030957967412489597e+04 -1.030958124129488715e+04
-1.030955115686422323e+04 -1.030955536649198257e+04
-1.030965156905638287e+04 -1.030965072819943634e+04
-1.030956072275494444e+04 -1.030956380026149236e+04
-1.030960244107542530e+04 -1.030960421860749921e+04
-1.030966207673318240e+04 -1.030966010111700234e+04
-1.030954767489524056e+04 -1.030954620820020136e+04
-1.030964057103040250e+04 -1.030964128397679269e+04
-1.030958049754144304e+04 -1.030958128585119994e+04
-1.030957826457508963e+04 -1.030957880281002508e+04
-1.030960244923884238e+04 -1.030960319320569761e+04
-1.030957321169277566e+04 -1.030957721092920474e+04
-1.030960094444918286e+04 -1.030960060559764315e+04
-1.030967002735601454e+04 -1.030967286973750015e+04
-1.030958975975309477e+04 -1.030959295621994715e+04
-1.030954176431003361e+04 -1.030953915569698802e+04
-1.030965403059838172e+04 -1.030965067643994189e+04
-1.030961756543601587e+04 -1.030961529669409538e+04
-1.030959693893312760e+04 -1.030959639844543381e+04
-1.030964421327445234e+04 -1.030964431912033069e+04
-1.030957883410940121e+04 -1.030957596719720277e+04
-1.030962444964462156e+04 -1.030962512700968546e+04
-1.030954371917602111e+04 -1.030954485641203428e+04
-1.030958799373412694e+04 -1.030959010402064996e+04
-1.030958375964242623e+04 -1.030958616588598306e+04
-1.030960679734625046e+04 -1.030960634026081243e+04
-1.030951570042794629e+04 -1.030951355776763558e+04
-1.030960448573898975e+04 -1.030960727272020449e+04
-1.030958894531630358e+04 -1.030958534584650806e+04
-1.030956181556421689e+04 -1.030956245693890014e+04
-1.030960338993646474e+04 -1.030960570430023654e+04
-1.030958138218361091e+04 -1.030958037995278755e+04
-1.030962517809343262e+04 -1.030962740563893749e+04
-1.030960589964261817e+04 -1.030960586033179425e+04
-1.030966460004502915e+04 -1.030966488035287330e+04
-1.030960523514056513e+04 -1.030960615004435749e+04
-1.030959127787633406e+04 -1.030958822160313866e+04
-1.030967714014026569e+04 -1.030967912566743325e+04
-1.030944905593343537e+04 -1.030944597188451189e+04
-1.030958302738402381e+04 -1.030958381701984763e+04
-1.030965426026248315e+04 -1.030965435994644395e+04
-1.030955451257237655e+04 -1.030955080732066563e+04
-1.030957248786990203e+04 -1.030957368589741054e+04
-1.030962323329565697e+04 -1.030963054655008818e+04
-1.030964740925176739e+04 -1.030964760084691807e+04
-1.030961637765900559e+04 -1.030961924098232703e+04
-1.030963300245543360e+04 -1.030963184031543278e+04
-1.030950052763108943e+04 -1.030950160197077275e+04
-1.030961551288114970e+04 -1.030961668845295935e+04
-1.030951406937745378e+04 -1.030950911103500403e+04
-1.030962533510313006e+04 -1.030962592067050355e+04
-1.030961316426640406e+04 -1.030961311411842689e+04
-1.030953752151069057e+04 -1.030953737667855057e+04
-1.030956247135862395e+04 -1.030956386535100501e+04
-1.030965233641747363e+04 -1.030965322758540970e+04
-1.030960152840553019e+04 -1.030960502344117594e+04
-1.030958032610970986e+04 -1.030957710085777035e+04
-1.030961156532534915e+04 -1.030961078700558028e+04
-1.030959812616590898e+04 -1.030959967458590290e+04
-1.030959032248456242e+04 -1.030959082661341745e+04
-1.030967531017454166e+04 -1.030967816717179448e+04
-1.030960399538980892e+04 -1.030960493100521489e+04
-1.030957189928761727e+04 -1.030957002907714195e+04
-1.030959809868240882e+04 -1.030960195852324614e+04
-1.030953681809635600e+04 -1.030954377510359882e+04
-1.030955552293114670e+04 -1.030955953120472077e+04
-1.030961640704730416e+04 -1.030962512725682791e+04
-1.030954992609322471e+04 -1.030955333085960956e+04
-1.030961377461779739e+04 -1.030961449220131908e+04
-1.030964506281393187e+04 -1.030964663752516208e+04
-1.030964562418483001e+04 -1.030964569609359933e+04
-1.030958989145620399e+04 -1.030959326665720437e+04
-1.030952097671573756e+04 -1.030952113368303617e+04
-1.030963817506784471e+04 -1.030963823503895219e+04
-1.030959201231164843e+04 -1.030959236965676973e+04
-1.030961871892667841e+04 -1.030961823762900167e+04
-1.030961530770729951e+04 -1.030961546519685180e+04
-1.030966222068141542e+04 -1.030966377020329492e+04
-1.030963029546672988e+04 -1.030963249271452878e+04
-1.030962956293621210e+04 -1.030962805030437448e+04
-1.030959751744720052e+04 -1.030959828366874899e+04
-1.030958149211760974e+04 -1.030958269263617694e+04
-1.030956437044127051e+04 -1.030956879642988133e+04
-1.030948796440617298e+04 -1.030949023149385903e+04
-1.030955678091353366e+04 -1.030955037798968260e+04
-1.030957995168103480e+04 -1.030957977796272280e+04
-1.030951160048838028e+04 -1.030950918383722274e+04
-1.030950687060522250e+04 -1.030950349590389669e+04
-1.030951420788341056e+04 -1.030951448223099578e+04
-1.030963885099867912e+04 -1.030964083881716579e+04
-1.030950632420058719e+04 -1.030950683226714864e+04
-1.030958645928405713e+04 -1.030958985776568261e+04
-1.030959168387021600e+04 -1.030959058436792839e+04
-1.030956390675924922e+04 -1.030956571919147609e+04
-1.030966932503013595e+04 -1.030966887308077639e+04
-1.030960239508818449e+04 -1.030960595205989921e+04
-1.030959486896297676e+04 -1.030959664204052933e+04
-1.030950669944560286e+04 -1.030950125572530305e+04
-1.030958305976557313e+04 -1.030958470869919438e+04
-1.030955958042094971e+04 -1.030955821340438524e+04
-1.030959850032246868e+04 -1.030959784698794283e+04
-1.030960779926949181e+04 -1.030961005444866896e+04
-1.030951065380425280e+04 -1.030951121914093528e+04
-1.030961373733819892e+04 -1.030961741293531122e+04
-1.030948845829283164e+04 -1.030949030319748817e+04
-1.030960026225972979e+04 -1.030960076520557959e+04
-1.030977488915405229e+04 -1.030977754052404998e+04
-1.030960306176714585e+04 -1.030960387271486252e+04
-1.030957233004386217e+04 -1.030957255236147103e+04
-1.030956779118463601e+04 -1.030956898779018047e+04
-1.030961039414728475e+04 -1.030961105262138153e+04
-1.030961090000695367e+04 -1.030961057754684043e+04
-1.030963832064876078e+04 -1.030963894569278091e+04
-1.030960518262259029e+04 -1.030960644030955882e+04
-1.030966412139674321e+04 -1.030966590585954327e+04
-1.030961300589613529e+04 -1.030961382058668460e+04
-1.030956898522026495e+04 -1.030956941878347607e+04
-1.030956504909324394e+04 -1.030956585858475955e+04
-1.030963562780997745e+04 -1.030963786175282439e+04
-1.030948833366468352e+04 -1.030948685796101563e+04
-1.030954992092306020e+04 -1.030955367279692291e+04
-1.030949844378312991e+04 -1.030950267716516464e+04
-1.030965443985763159e+04 -1.030965562790155855e+04
-1.030957538016814578e+04 -1.030957352814046862e+04
-1.030962539823354746e+04 -1.030962991732955925e+04
-1.030964919159756573e+04 -1.030964826159931727e+04
-1.030963381607588053e+04 -1.030963155686439859e+04
-1.030968844538279518e+04 -1.030969053740903109e+04
-1.030962859176183701e+04 -1.030963096837861667e+04
-1.030956294347617586e+04 -1.030956441764026749e+04
-1.030957597990709837e+04 -1.030957806156441802e+04
-1.030968157614045049e+04 -1.030968084151770199e+04
-1.030956949298473228e+04 -1.030957039632429223e+04
-1.030959088140643507e+04 -1.030959210915448602e+04
-1.030952806691453952e+04 -1.030952541300995654e+04
-1.030962999532513822e+04 -1.030963103845640944e+04
-1.030954307671519200e+04 -1.030954617604319719e+04
-1.030954348570232651e+04 -1.030954829095990499e+04
-1.030962832372968114e+04 -1.030962809325311900e+04
-1.030955270328730512e+04 -1.030955158822309022e+04
-1.030951059584399991e+04 -1.030951210791035737e+04
-1.030964700216942947e+04 -1.030964530634313996e+04
-1.030965216634630997e+04 -1.030965026445262447e+04
-1.030959360091237613e+04 -1.030959457141241546e+04
-1.030959396826609191e+04 -1.030959207539847557e+04
-1.030953196875521280e+04 -1.030953682471545289e+04
-1.030958147116484361e+04 -1.030958223020596051e+04
-1.030964442171367045e+04 -1.030964544787815066e+04
-1.030967121758205030e+04 -1.030966935489452044e+04
-1.030963864745751016e+04 -1.030964157888373120e+04
-1.030965655282177431e+04 -1.030966071959566762e+04
-1.030954486151001583e+04 -1.030954583515305058e+04
-1.030958017590285817e+04 -1.030958092606919672e+04
-1.030959298729561669e+04 -1.030959391805805353e+04
-1.030956591795280838e+04 -1.030956559589679273e+04
-1.030959396200747142e+04 -1.030959558514968558e+04
-1.030959240469983706e+04 -1.030959326405200773e+04
-1.030962465998863809e+04 -1.030962648709965288e+04
-1.030956793540498256e+04 -1.030957045421681505e+04
-1.030963249441885091e+04 -1.030963254286618030e+04
-1.030961665902474124e+04 -1.030961844071560154e+04
-1.030960045437211556e+04 -1.030960463241268735e+04
-1.030955165183933968e+04 -1.030954860311709490e+04
-1.030964400782848679e+04 -1.030964512772148737e+04
-1.030956570080594429e+04 -1.030957048978347848e+04
-1.030959250021180378e+04 -1.030959138726303900e+04
-1.030961559587587908e+04 -1.030961593308823649e+04
-1.030960503377630812e+04 -1.030960570452268257e+04
-1.030957814566133129e+04 -1.030958271061932101e+04
-1.030960451403883053e+04 -1.030960569969993958e+04
-1.030964587969974673e+04 -1.030964456918889300e+04
-1.030959335709835614e+04 -1.030959455654715566e+04
-1.030957106961245154e+04 -1.030957515177038840e+04
-1.030953428553263802e+04 -1.030953754189161918e+04
-1.030959552720640932e+04 -1.030959702116143308e+04
-1.030958885960043699e+04 -1.030958995070293895e+04
-1.030960725422542600e+04 -1.030961116422083433e+04
-1.030962046154385280e+04 -1.030962415454182701e+04
-1.030966962789286481e+04 -1.030967150889691584e+04
-1.030952136556644837e+04 -1.030952447936646422e+04
-1.030951625309120027e+04 -1.030951520886611797e+04
-1.030955421433558331e+04 -1.030955376202808111e+04
-1.030957175397881656e+04 -1.030956956645991886e+04
-1.030959946333343032e+04 -1.030960361531968010e+04
-1.030957254011576333e+04 -1.030957080492965906e+04
-1.030956390322176958e+04 -1.030956285364634823e+04
-1.030950139975601815e+04 -1.030949829077523827e+04
-1.030961249922012394e+04 -1.030961212321830135e+04
-1.030964139499118028e+04 -1.030964069619170914e+04
-1.030957662536118005e+04 -1.030957938250778898e+04
-1.030954187070655280e+04 -1.030953929709800832e+04
-1.030951576736795687e+04 -1.030951750950329006e+04
-1.030954389033564075e+04 -1.030954448935588698e+04
-1.030957625691901012e+04 -1.030958024002163984e+04
-1.030963721368956794e+04 -1.030963685260892453e+04
-1.030964762394960417e+04 -1.030964810527800000e+04
-1.030964439831187883e+04 -1.030964568104417594e+04
-1.030959437834168057e+04 -1.030959898735904062e+04
-1.030956412526668100e+04 -1.030956115800245971e+04
-1.030952679233320850e+04 -1.030952194573435372e+04
-1.030961165811617502e+04 -1.030961242051281442e+04
-1.030964711128708768e+04 -1.030964845648163282e+04
-1.030960755055742266e+04 -1.030961085715415356e+04
-1.030951546178408717e+04 -1.030951745085967741e+04
-1.030958823128952827e+04 -1.030958693768387820e+04
-1.030957623950372363e+04 -1.030957535167161768e+04
-1.030963962135302245e+04 -1.030964157251397410e+04
-1.030962371575353609e+04 -1.030962313334179998e+04
-1.030951048917536536e+04 -1.030950754719662837e+04
-1.030958024420343827e+04 -1.030957944374777071e+04
-1.030959118399705039e+04 -1.030959317851710148e+04
-1.030952488318234828e+04 -1.030952317441311061e+04
-1.030953150316839492e+04 -1.030953345372640615e+04
-1.030963743165277265e+04 -1.030963910887292514e+04
-1.030957012755425967e+04 -1.030956671890192592e+04
-1.030965241750740643e+04 -1.030965510626218384e+04
-1.030955226763300925e+04 -1.030955263338948316e+04
-1.030963264244879247e+04 -1.030963537270292363e+04
-1.030960950841666272e+04 -1.030960987945819215e+04
-1.030955601164764448e+04 -1.030955596737134692e+04
-1.030962475604483188e+04 -1.030962267468746359e+04
-1.030955911728315550e+04 -1.030955776214458274e+04
-1.030965804781533370e+04 -1.030965962567118186e+04
-1.030952979864715962e+04 -1.030953137139067439e+04
-1.030964969718512293e+04 -1.030964982230823080e+04
-1.030961171498797194e+04 -1.030961101769676316e+04
-1.030956758519444338e+04 -1.030956964695556599e+04
-1.030957586126545539e+04 -1.030957460876179903e+04
-1.030955226219073302e+04 -1.030955382233782802e+04
-1.030954219914798523e+04 -1.030954078764623773e+04
-1.030957908173301621e+04 -1.030958395808135174e+04
-1.030955701765259255e+04 -1.030955531141844949e+04
-1.030953594651565436e+04 -1.030954002677119934e+04
-1.030958665194067180e+04 -1.030958834629635021e+04
-1.030958878749026371e+04 -1.030959191917341741e+04
-1.030959155543247289e+04 -1.030958903790840304e+04
-1.030965422026174383e+04 -1.030965336891082188e+04
-1.030961913934259610e+04 -1.030962034153326385e+04
-1.030960276053710186e+04 -1.030960010636954030e+04
-1.030946351470351692e+04 -1.030946495839383715e+04
-1.030959706383338926e+04 -1.030959696276601062e+04
-1.030959395248348665e+04 -1.030959430202714975e+04
-1.030955294220327596e+04 -1.030955031833431713e+04
-1.030953029933666585e+04 -1.030952772358704351e+04
-1.030959348880146536e+04 -1.030959440120513682e+04
-1.030951977696571885e+04 -1.030951983384072264e+04
-1.030956046016506843e+04 -1.030955948012641602e+04
-1.030952816269861978e+04 -1.030952942213510869e+04
-1.030967231719416850e+04 -1.030967277236230620e+04
-1.030961073456172562e+04 -1.030961038757533606e+04
-1.030962183163715235e+04 -1.030961923073276739e+04
-1.030962257641279393e+04 -1.030962603390298318e+04
-1.030958749277250718e+04 -1.030958735615382284e+04
-1.030962283546519029e+04 -1.030962441295181270e+04
-1.030962826740211131e+04 -1.030963239444582177e+04
-1.030968515933579329e+04 -1.030968566028458554e+04
-1.030957761177393149e+04 -1.030957456705794175e+04
-1.030949765029910668e+04 -1.030949921842129334e+04
-1.030957587868074188e+04 -1.030957737428010660e+04
-1.030952686253858519e+04 -1.030952886603248044e+04
-1.030964081239539883e+04 -1.030964403810679505e+04
-1.030954638670821441e+04 -1.030954521493333414e+04
-1.030958037182483895e+04 -1.030957770217979305e+04
-1.030956890739570008e+04 -1.030956837830794393e+04
-1.030967307720818462e+04 -1.030967237358067541e+04
-1.030952636157696179e+04 -1.030952974646225266e+04
-1.030959928972478519e+04 -1.030959945316208905e+04
-1.030949938638554886e+04 -1.030950177051777609e+04
-1.030960897534560536e+04 -1.030961241013759718e+04
-1.030957726564509903e+04 -1.030957761916482559e+04
-1.030965192253228997e+04 -1.030964846141475755e+04
-1.030961389924594732e+04 -1.030961637123729088e+04
-1.030955080828636710e+04 -1.030954737124620988e+04
-1.030967838370061691e+04 -1.030968041991983046e+04
-1.030964074708807311e+04 -1.030964333510626602e+04
-1.030966722349477641e+04 -1.030966847239572417e+04
-1.030944919416727680e+04 -1.030944654170313879e+04
-1.030953925623656323e+04 -1.030954187939923941e+04
-1.030961470034915692e+04 -1.030961546532638204e+04
-1.030964751347137644e+04 -1.030965024220548912e+04
-1.030963995224348037e+04 -1.030964109656163600e+04
-1.030958402440921600e+04 -1.030958272112725899e+04
-1.030957828117403369e+04 -1.030957911057689853e+04
-1.030966243184177256e+04 -1.030966228578820483e+04
-1.030961463694662780e+04 -1.030961665775610345e+04
-1.030957266964196242e+04 -1.030957418762952875e+04
-1.030965252580872220e+04 -1.030965154903714574e+04
-1.030967720109377115e+04 -1.030967560073085406e+04
-1.030953359191440177e+04 -1.030952998157782895e+04
-1.030959969000427554e+04 -1.030960115491994475e+04
-1.030961704569853828e+04 -1.030961959730183116e+04
-1.030960314258496510e+04 -1.030960212041944033e+04
-1.030957220677628175e+04 -1.030957068818777952e+04
-1.030964523125241249e+04 -1.030964655615257652e+04
-1.030955955103265296e+04 -1.030955803342121726e+04
-1.030962167081785810e+04 -1.030962035061737879e+04
-1.030962609702194459e+04 -1.030962575587601896e+04
-1.030966768010183659e+04 -1.030966793124641299e+04
-1.030958105646331751e+04 -1.030958552646777935e+04
-1.030960501799370468e+04 -1.030960938010876816e+04
-1.030960701558156688e+04 -1.030960696171771633e+04
-1.030955538306462222e+04 -1.030955732126619478e+04
-1.030960842268235137e+04 -1.030960557506955047e+04
-1.030954006659164588e+04 -1.030953896975359748e+04
-1.030956482541564947e+04 -1.030956121850668205e+04
-1.030950415055505437e+04 -1.030950881094084434e+04
-1.030949542223080061e+04 -1.030949996039291545e+04
-1.030961335338553909e+04 -1.030961164433269732e+04
-1.030959755908061925e+04 -1.030959885868663696e+04
-1.030961012448244765e+04 -1.030961074037705839e+04
-1.030956006750476445e+04 -1.030955285039623232e+04
-1.030960918378482347e+04 -1.030961083736339788e+04
-1.030961350957889590e+04 -1.030961644735624941e+04
-1.030963571379795758e+04 -1.030963619682970239e+04
-1.030955526551143339e+04 -1.030955301375486488e+04
-1.030957283808044303e+04 -1.030957413562188231e+04
-1.030957047531577518e+04 -1.030956915221750023e+04
-1.030960689993317646e+04 -1.030960521303448877e+04
-1.030964137022881732e+04 -1.030964439474352912e+04
-1.030955435012039925e+04 -1.030955219994604886e+04
-1.030962221259655780e+04 -1.030962552479966143e+04
-1.030966271538441652e+04 -1.030966568147994622e+04
-1.030963284843898691e+04 -1.030963343245380202e+04
-1.030950041388749378e+04 -1.030949729276292055e+04
